0 info it worked if it ends with ok
1 verbose cli [ '/usr/local/bin/node', '/usr/local/bin/npm', 'publish' ]
2 info using npm@4.0.5
3 info using node@v5.1.0
4 verbose publish [ '.' ]
5 silly cache add args [ '.', null ]
6 verbose cache add spec .
7 silly cache add parsed spec Result {
7 silly cache add   raw: '.',
7 silly cache add   scope: null,
7 silly cache add   escapedName: null,
7 silly cache add   name: null,
7 silly cache add   rawSpec: '.',
7 silly cache add   spec: '/Users/kelcon/Development/SEO/elevator',
7 silly cache add   type: 'directory' }
8 verbose addLocalDirectory /Users/kelcon/.npm/elevator/1.0.0/package.tgz not in flight; packing
9 verbose correctMkdir /Users/kelcon/.npm correctMkdir not in flight; initializing
10 info lifecycle elevator@1.0.0~prepublish: elevator@1.0.0
11 silly lifecycle elevator@1.0.0~prepublish: no script for prepublish, continuing
12 info lifecycle elevator@1.0.0~prepare: elevator@1.0.0
13 silly lifecycle elevator@1.0.0~prepare: no script for prepare, continuing
14 verbose tar pack [ '/Users/kelcon/.npm/elevator/1.0.0/package.tgz',
14 verbose tar pack   '/Users/kelcon/Development/SEO/elevator' ]
15 verbose tarball /Users/kelcon/.npm/elevator/1.0.0/package.tgz
16 verbose folder /Users/kelcon/Development/SEO/elevator
17 verbose addLocalTarball adding from inside cache /Users/kelcon/.npm/elevator/1.0.0/package.tgz
18 verbose correctMkdir /Users/kelcon/.npm correctMkdir not in flight; initializing
19 silly cache afterAdd elevator@1.0.0
20 verbose afterAdd /Users/kelcon/.npm/elevator/1.0.0/package/package.json not in flight; writing
21 verbose correctMkdir /Users/kelcon/.npm correctMkdir not in flight; initializing
22 verbose afterAdd /Users/kelcon/.npm/elevator/1.0.0/package/package.json written
23 silly publish { name: 'elevator',
23 silly publish   version: '1.0.0',
23 silly publish   description: 'Simple caching system on top on Level database',
23 silly publish   main: 'index.js',
23 silly publish   scripts: { test: 'echo "Error: no test specified" && exit 1' },
23 silly publish   repository:
23 silly publish    { type: 'git',
23 silly publish      url: 'git+https://github.com/kelcon/elevator.git' },
23 silly publish   keywords: [ 'level', 'levelup', 'cache', 'caching' ],
23 silly publish   author: { name: 'kelcon' },
23 silly publish   license: 'ISC',
23 silly publish   bugs: { url: 'https://github.com/kelcon/elevator/issues' },
23 silly publish   homepage: 'https://github.com/kelcon/elevator#readme',
23 silly publish   dependencies: { levelup: '>=1.3.8' },
23 silly publish   readme: '# elevator',
23 silly publish   readmeFilename: 'README.md',
23 silly publish   gitHead: '7458db83db4ce0d4d031b326cb297f13f1d87942',
23 silly publish   _id: 'elevator@1.0.0',
23 silly publish   _shasum: 'b3e7ffa4f5da4c58c44fa90566f1c1e7e43c837a',
23 silly publish   _from: '.' }
24 info lifecycle elevator@1.0.0~prepublishOnly: elevator@1.0.0
25 silly lifecycle elevator@1.0.0~prepublishOnly: no script for prepublishOnly, continuing
26 verbose getPublishConfig undefined
27 silly mapToRegistry name elevator
28 silly mapToRegistry using default registry
29 silly mapToRegistry registry https://registry.npmjs.org/
30 silly mapToRegistry data Result {
30 silly mapToRegistry   raw: 'elevator',
30 silly mapToRegistry   scope: null,
30 silly mapToRegistry   escapedName: 'elevator',
30 silly mapToRegistry   name: 'elevator',
30 silly mapToRegistry   rawSpec: '',
30 silly mapToRegistry   spec: 'latest',
30 silly mapToRegistry   type: 'tag' }
31 silly mapToRegistry uri https://registry.npmjs.org/elevator
32 verbose publish registryBase https://registry.npmjs.org/
33 silly publish uploading /Users/kelcon/.npm/elevator/1.0.0/package.tgz
34 verbose request uri https://registry.npmjs.org/elevator
35 verbose request sending authorization for write operation
36 info attempt registry request try #1 at 16:16:19
37 verbose request using bearer token for auth
38 verbose request id 629c5915736001e3
39 http request PUT https://registry.npmjs.org/elevator
40 http 403 https://registry.npmjs.org/elevator
41 verbose headers { 'content-type': 'application/json',
41 verbose headers   'cache-control': 'max-age=300',
41 verbose headers   'content-length': '102',
41 verbose headers   'accept-ranges': 'bytes',
41 verbose headers   date: 'Sat, 24 Jun 2017 14:16:19 GMT',
41 verbose headers   via: '1.1 varnish',
41 verbose headers   connection: 'keep-alive',
41 verbose headers   'x-served-by': 'cache-hhn1548-HHN',
41 verbose headers   'x-cache': 'MISS',
41 verbose headers   'x-cache-hits': '0',
41 verbose headers   'x-timer': 'S1498313779.199436,VS0,VE637',
41 verbose headers   vary: 'Accept-Encoding' }
42 verbose request invalidating /Users/kelcon/.npm/registry.npmjs.org/elevator on PUT
43 error publish Failed PUT 403
44 verbose stack Error: you do not have permission to publish "elevator". Are you logged in as the correct user? : elevator
44 verbose stack     at makeError (/usr/local/lib/node_modules/npm/node_modules/npm-registry-client/lib/request.js:302:12)
44 verbose stack     at CachingRegistryClient.<anonymous> (/usr/local/lib/node_modules/npm/node_modules/npm-registry-client/lib/request.js:290:14)
44 verbose stack     at Request._callback (/usr/local/lib/node_modules/npm/node_modules/npm-registry-client/lib/request.js:210:14)
44 verbose stack     at Request.self.callback (/usr/local/lib/node_modules/npm/node_modules/request/request.js:186:22)
44 verbose stack     at emitTwo (events.js:87:13)
44 verbose stack     at Request.emit (events.js:172:7)
44 verbose stack     at Request.<anonymous> (/usr/local/lib/node_modules/npm/node_modules/request/request.js:1081:10)
44 verbose stack     at emitOne (events.js:77:13)
44 verbose stack     at Request.emit (events.js:169:7)
44 verbose stack     at IncomingMessage.<anonymous> (/usr/local/lib/node_modules/npm/node_modules/request/request.js:1001:12)
45 verbose statusCode 403
46 verbose pkgid elevator
47 verbose cwd /Users/kelcon/Development/SEO/elevator
48 error Darwin 16.6.0
49 error argv "/usr/local/bin/node" "/usr/local/bin/npm" "publish"
50 error node v5.1.0
51 error npm  v4.0.5
52 error code E403
53 error you do not have permission to publish "elevator". Are you logged in as the correct user? : elevator
54 error If you need help, you may report this error at:
54 error     <https://github.com/npm/npm/issues>
55 verbose exit [ 1, true ]
